#! /c/iverilog/bin/vvp
:ivl_version "0.9.7 " "(v0_9_7)";
:vpi_time_precision + 0;
:vpi_module "system";
:vpi_module "v2005_math";
:vpi_module "va_math";
S_005EC750 .scope module, "comparator" "comparator" 2 3;
 .timescale 0 0;
L_0063C090 .functor XOR 32, C4<zzzzzzzzzzzzzzzzzzzzzzzzzzzzzzzz>, C4<zzzzzzzzzzzzzzzzzzzzzzzzzzzzzzzz>, C4<00000000000000000000000000000000>, C4<00000000000000000000000000000000>;
RS_005F17A4 .resolv tri, L_00637778, L_006378D8, C4<zzzzzzzzzzzzzzzzzzzzzzzzzzzzzzzz>, C4<zzzzzzzzzzzzzzzzzzzzzzzzzzzzzzzz>;
L_0063D158 .functor AND 32, RS_005F17A4, C4<zzzzzzzzzzzzzzzzzzzzzzzzzzzzzzzz>, C4<11111111111111111111111111111111>, C4<11111111111111111111111111111111>;
L_0063BED0 .functor AND 32, RS_005F17A4, C4<zzzzzzzzzzzzzzzzzzzzzzzzzzzzzzzz>, C4<11111111111111111111111111111111>, C4<11111111111111111111111111111111>;
v0062CB90_0 .net "A", 31 0, C4<zzzzzzzzzzzzzzzzzzzzzzzzzzzzzzzz>; 0 drivers
v0062CBE8_0 .net "B", 31 0, C4<zzzzzzzzzzzzzzzzzzzzzzzzzzzzzzzz>; 0 drivers
v0062CC40_0 .net "Max", 31 0, L_00637AE8; 1 drivers
v0062CC98_0 .net "Min", 31 0, L_00637B40; 1 drivers
v0062CCF0_0 .net "ans0", 31 0, L_0063D158; 1 drivers
v0062CD48_0 .net "ans1", 31 0, L_0063BED0; 1 drivers
v0062CDA0_0 .net8 "temp", 31 0, RS_005F17A4; 2 drivers
v0062CDF8_0 .net "x1", 0 0, L_00637A38; 1 drivers
v0062CE50_0 .net "x2", 0 0, L_00637A90; 1 drivers
L_00637A38 .reduce/or L_0063D158;
L_00637A90 .reduce/or L_0063BED0;
S_005EC640 .scope module, "u1" "PE32" 2 9, 3 3, S_005EC750;
 .timescale 0 0;
L_006246C8 .functor OR 1, L_0062D700, L_0062D758, C4<0>, C4<0>;
L_00624380 .functor OR 1, L_006246C8, L_0062D7B0, C4<0>, C4<0>;
L_0062E348 .functor OR 1, L_00624380, L_0062D808, C4<0>, C4<0>;
L_0062EC28 .functor OR 1, L_0062DDE0, L_0062DE38, C4<0>, C4<0>;
L_0062ED08 .functor OR 1, L_0062EC28, L_0062DE90, C4<0>, C4<0>;
L_0062ECD0 .functor OR 1, L_0062ED08, L_0062DEE8, C4<0>, C4<0>;
L_0062EDB0 .functor OR 1, L_006300F0, L_00630148, C4<0>, C4<0>;
L_0062FA58 .functor OR 1, L_0062EDB0, L_006301A0, C4<0>, C4<0>;
L_0062FB00 .functor OR 1, L_0062FA58, L_006301F8, C4<0>, C4<0>;
L_0062EAD8 .functor OR 1, L_00630778, L_00630828, C4<0>, C4<0>;
L_006313E0 .functor OR 1, L_0062EAD8, L_00630880, C4<0>, C4<0>;
L_006314C0 .functor OR 1, L_006313E0, L_006308D8, C4<0>, C4<0>;
L_00632E30 .functor AND 4, L_006316E0, L_00631790, C4<1111>, C4<1111>;
L_00632F10 .functor AND 4, L_00631840, L_006318F0, C4<1111>, C4<1111>;
L_00632FF0 .functor AND 4, L_006319A0, L_00631A50, C4<1111>, C4<1111>;
L_00633108 .functor AND 8, L_00631B00, L_00631C08, C4<11111111>, C4<11111111>;
L_006339C0 .functor OR 1, L_00632238, L_00632290, C4<0>, C4<0>;
L_00633B80 .functor OR 1, L_006339C0, L_006322E8, C4<0>, C4<0>;
L_00633C28 .functor OR 1, L_00633B80, L_00632340, C4<0>, C4<0>;
L_006341D0 .functor OR 1, L_00634BF0, L_00634C48, C4<0>, C4<0>;
L_006346A0 .functor OR 1, L_006341D0, L_00632398, C4<0>, C4<0>;
L_00634748 .functor OR 1, L_006346A0, L_00634CA0, C4<0>, C4<0>;
L_00638038 .functor OR 1, L_00635278, L_006352D0, C4<0>, C4<0>;
L_00638528 .functor OR 1, L_00638038, L_00635328, C4<0>, C4<0>;
L_006385D0 .functor OR 1, L_00638528, L_00635380, C4<0>, C4<0>;
L_00638D60 .functor OR 1, L_00635958, L_006359B0, C4<0>, C4<0>;
L_00638F20 .functor OR 1, L_00638D60, L_00635A08, C4<0>, C4<0>;
L_00638FC8 .functor OR 1, L_00638F20, L_00635A60, C4<0>, C4<0>;
L_006399F8 .functor AND 4, L_00636038, L_006360E8, C4<1111>, C4<1111>;
L_00639AD8 .functor AND 4, L_00636198, L_00636248, C4<1111>, C4<1111>;
L_00639BB8 .functor AND 4, L_006362F8, L_006363A8, C4<1111>, C4<1111>;
L_00639C98 .functor AND 4, L_00636458, L_00636508, C4<1111>, C4<1111>;
L_00639D78 .functor OR 1, L_00636560, L_006365B8, C4<0>, C4<0>;
L_0063A1B8 .functor OR 1, L_00639D78, L_00636610, C4<0>, C4<0>;
L_0063A260 .functor OR 1, L_0063A1B8, L_00636668, C4<0>, C4<0>;
L_0063A308 .functor OR 1, L_0063A260, L_006366C0, C4<0>, C4<0>;
L_0063A3B0 .functor OR 1, L_0063A308, L_00636718, C4<0>, C4<0>;
L_0063A458 .functor OR 1, L_0063A3B0, L_00636770, C4<0>, C4<0>;
L_0063A500 .functor OR 1, L_0063A458, L_006367C8, C4<0>, C4<0>;
L_0063A5A8 .functor OR 1, L_0063A500, L_00636D28, C4<0>, C4<0>;
L_0063A650 .functor OR 1, L_0063A5A8, L_00636D80, C4<0>, C4<0>;
L_0063A6F8 .functor OR 1, L_0063A650, L_00636DD8, C4<0>, C4<0>;
L_0063A7A0 .functor OR 1, L_0063A6F8, L_00636E30, C4<0>, C4<0>;
L_0063A848 .functor OR 1, L_0063A7A0, L_00636E88, C4<0>, C4<0>;
L_0063A8F0 .functor OR 1, L_0063A848, L_00636EE0, C4<0>, C4<0>;
L_0063AE50 .functor OR 1, L_0063A8F0, L_00636F38, C4<0>, C4<0>;
L_0063AEF8 .functor OR 1, L_0063AE50, L_00636F90, C4<0>, C4<0>;
L_0063AFA0 .functor OR 1, L_00636FE8, L_00637040, C4<0>, C4<0>;
L_0063B048 .functor OR 1, L_0063AFA0, L_00637098, C4<0>, C4<0>;
L_0063B0F0 .functor OR 1, L_0063B048, L_006370F0, C4<0>, C4<0>;
L_0063B198 .functor OR 1, L_0063B0F0, L_00637148, C4<0>, C4<0>;
L_0063B240 .functor OR 1, L_0063B198, L_006371A0, C4<0>, C4<0>;
L_0063B2E8 .functor OR 1, L_0063B240, L_006371F8, C4<0>, C4<0>;
L_0063B390 .functor OR 1, L_0063B2E8, L_00637250, C4<0>, C4<0>;
L_0063B438 .functor OR 1, L_0063B390, L_006372A8, C4<0>, C4<0>;
L_0063B4E0 .functor OR 1, L_0063B438, L_00637300, C4<0>, C4<0>;
L_0063B588 .functor OR 1, L_0063B4E0, L_00637358, C4<0>, C4<0>;
L_0063B958 .functor OR 1, L_0063B588, L_006373B0, C4<0>, C4<0>;
L_0063BA00 .functor OR 1, L_0063B958, L_00637408, C4<0>, C4<0>;
L_0063BAA8 .functor OR 1, L_0063BA00, L_00637460, C4<0>, C4<0>;
L_0063BB50 .functor OR 1, L_0063BAA8, L_006374B8, C4<0>, C4<0>;
L_0063BBF8 .functor OR 1, L_0063BB50, L_00637510, C4<0>, C4<0>;
L_0063BCA0 .functor AND 16, L_006377D0, L_00637880, C4<1111111111111111>, C4<1111111111111111>;
L_0063BFB0 .functor AND 16, L_00637930, L_006379E0, C4<1111111111111111>, C4<1111111111111111>;
v00628DB8_0 .net "A", 31 0, L_0063C090; 1 drivers
v00628E10_0 .alias "Y", 31 0, v0062CDA0_0;
v00628E68_0 .net *"_s100", 3 0, L_00631A50; 1 drivers
v00628EC0_0 .net *"_s102", 3 0, L_00632FF0; 1 drivers
v00628F18_0 .net *"_s107", 7 0, L_00631B00; 1 drivers
v00628F70_0 .net *"_s109", 0 0, L_00631B58; 1 drivers
v00628FC8_0 .net *"_s11", 0 0, L_0062D7B0; 1 drivers
v00629020_0 .net *"_s110", 3 0, L_00631BB0; 1 drivers
v00629078_0 .net *"_s112", 7 0, L_00631C08; 1 drivers
v006290D0_0 .net *"_s115", 3 0, C4<0000>; 1 drivers
v00629128_0 .net *"_s116", 7 0, L_00633108; 1 drivers
v00629180_0 .net *"_s119", 3 0, L_00631C60; 1 drivers
v006291D8_0 .net *"_s12", 0 0, L_00624380; 1 drivers
v00629230_0 .net *"_s125", 0 0, L_00632238; 1 drivers
v00629288_0 .net *"_s127", 0 0, L_00632290; 1 drivers
v006292E0_0 .net *"_s128", 0 0, L_006339C0; 1 drivers
v00629338_0 .net *"_s131", 0 0, L_006322E8; 1 drivers
v00629390_0 .net *"_s132", 0 0, L_00633B80; 1 drivers
v006293E8_0 .net *"_s135", 0 0, L_00632340; 1 drivers
v00629498_0 .net *"_s143", 0 0, L_00634BF0; 1 drivers
v00629440_0 .net *"_s145", 0 0, L_00634C48; 1 drivers
v006294F0_0 .net *"_s146", 0 0, L_006341D0; 1 drivers
v00629548_0 .net *"_s149", 0 0, L_00632398; 1 drivers
v006295A0_0 .net *"_s15", 0 0, L_0062D808; 1 drivers
v006295F8_0 .net *"_s150", 0 0, L_006346A0; 1 drivers
v00629650_0 .net *"_s153", 0 0, L_00634CA0; 1 drivers
v006296A8_0 .net *"_s161", 0 0, L_00635278; 1 drivers
v00629700_0 .net *"_s163", 0 0, L_006352D0; 1 drivers
v00629758_0 .net *"_s164", 0 0, L_00638038; 1 drivers
v006297B0_0 .net *"_s167", 0 0, L_00635328; 1 drivers
v00629808_0 .net *"_s168", 0 0, L_00638528; 1 drivers
v00629860_0 .net *"_s171", 0 0, L_00635380; 1 drivers
v006298B8_0 .net *"_s179", 0 0, L_00635958; 1 drivers
v00629910_0 .net *"_s181", 0 0, L_006359B0; 1 drivers
v00629968_0 .net *"_s182", 0 0, L_00638D60; 1 drivers
v006299C0_0 .net *"_s185", 0 0, L_00635A08; 1 drivers
v00629A18_0 .net *"_s186", 0 0, L_00638F20; 1 drivers
v00629A70_0 .net *"_s189", 0 0, L_00635A60; 1 drivers
v00629AC8_0 .net *"_s197", 3 0, L_00636038; 1 drivers
v00629B20_0 .net *"_s199", 0 0, L_00636090; 1 drivers
v00629B78_0 .net *"_s200", 3 0, L_006360E8; 1 drivers
v00629C00_0 .net *"_s202", 3 0, L_006399F8; 1 drivers
v00629C58_0 .net *"_s207", 3 0, L_00636198; 1 drivers
v00629CB0_0 .net *"_s209", 0 0, L_006361F0; 1 drivers
v00629D08_0 .net *"_s210", 3 0, L_00636248; 1 drivers
v00629D60_0 .net *"_s212", 3 0, L_00639AD8; 1 drivers
v00629DB8_0 .net *"_s217", 3 0, L_006362F8; 1 drivers
v00629E10_0 .net *"_s219", 0 0, L_00636350; 1 drivers
v00629E68_0 .net *"_s220", 3 0, L_006363A8; 1 drivers
v00629EC0_0 .net *"_s222", 3 0, L_00639BB8; 1 drivers
v00629F18_0 .net *"_s227", 3 0, L_00636458; 1 drivers
v00629F70_0 .net *"_s229", 0 0, L_006364B0; 1 drivers
v00629FC8_0 .net *"_s23", 0 0, L_0062DDE0; 1 drivers
v0062A020_0 .net *"_s230", 3 0, L_00636508; 1 drivers
v0062A078_0 .net *"_s232", 3 0, L_00639C98; 1 drivers
v0062A0D0_0 .net *"_s235", 0 0, L_00636560; 1 drivers
v0062A128_0 .net *"_s237", 0 0, L_006365B8; 1 drivers
v0062A180_0 .net *"_s238", 0 0, L_00639D78; 1 drivers
v0062A1D8_0 .net *"_s241", 0 0, L_00636610; 1 drivers
v0062A230_0 .net *"_s242", 0 0, L_0063A1B8; 1 drivers
v0062A288_0 .net *"_s245", 0 0, L_00636668; 1 drivers
v0062A2E0_0 .net *"_s246", 0 0, L_0063A260; 1 drivers
v0062A338_0 .net *"_s249", 0 0, L_006366C0; 1 drivers
v0062A390_0 .net *"_s25", 0 0, L_0062DE38; 1 drivers
v0062A3E8_0 .net *"_s250", 0 0, L_0063A308; 1 drivers
v0062A440_0 .net *"_s253", 0 0, L_00636718; 1 drivers
v0062A498_0 .net *"_s254", 0 0, L_0063A3B0; 1 drivers
v0062A4F0_0 .net *"_s257", 0 0, L_00636770; 1 drivers
v0062A548_0 .net *"_s258", 0 0, L_0063A458; 1 drivers
v0062A5A0_0 .net *"_s26", 0 0, L_0062EC28; 1 drivers
v0062A5F8_0 .net *"_s261", 0 0, L_006367C8; 1 drivers
v0062A650_0 .net *"_s262", 0 0, L_0063A500; 1 drivers
v0062A6A8_0 .net *"_s265", 0 0, L_00636D28; 1 drivers
v0062A700_0 .net *"_s266", 0 0, L_0063A5A8; 1 drivers
v0062A758_0 .net *"_s269", 0 0, L_00636D80; 1 drivers
v0062A7B0_0 .net *"_s270", 0 0, L_0063A650; 1 drivers
v0062A808_0 .net *"_s273", 0 0, L_00636DD8; 1 drivers
v0062A860_0 .net *"_s274", 0 0, L_0063A6F8; 1 drivers
v0062A8B8_0 .net *"_s277", 0 0, L_00636E30; 1 drivers
v0062A910_0 .net *"_s278", 0 0, L_0063A7A0; 1 drivers
v0062A968_0 .net *"_s281", 0 0, L_00636E88; 1 drivers
v0062A9C0_0 .net *"_s282", 0 0, L_0063A848; 1 drivers
v0062AA18_0 .net *"_s285", 0 0, L_00636EE0; 1 drivers
v0062AA70_0 .net *"_s286", 0 0, L_0063A8F0; 1 drivers
v0062AAC8_0 .net *"_s289", 0 0, L_00636F38; 1 drivers
v0062AB20_0 .net *"_s29", 0 0, L_0062DE90; 1 drivers
v0062AB78_0 .net *"_s290", 0 0, L_0063AE50; 1 drivers
v0062AD68_0 .net *"_s293", 0 0, L_00636F90; 1 drivers
v0062ADC0_0 .net *"_s297", 0 0, L_00636FE8; 1 drivers
v0062AE18_0 .net *"_s299", 0 0, L_00637040; 1 drivers
v0062AE70_0 .net *"_s30", 0 0, L_0062ED08; 1 drivers
v0062AEC8_0 .net *"_s300", 0 0, L_0063AFA0; 1 drivers
v0062AF20_0 .net *"_s303", 0 0, L_00637098; 1 drivers
v0062AF78_0 .net *"_s304", 0 0, L_0063B048; 1 drivers
v0062AFD0_0 .net *"_s307", 0 0, L_006370F0; 1 drivers
v0062B028_0 .net *"_s308", 0 0, L_0063B0F0; 1 drivers
v0062B080_0 .net *"_s311", 0 0, L_00637148; 1 drivers
v0062B0D8_0 .net *"_s312", 0 0, L_0063B198; 1 drivers
v0062B130_0 .net *"_s315", 0 0, L_006371A0; 1 drivers
v0062B188_0 .net *"_s316", 0 0, L_0063B240; 1 drivers
v0062B1E0_0 .net *"_s319", 0 0, L_006371F8; 1 drivers
v0062B238_0 .net *"_s320", 0 0, L_0063B2E8; 1 drivers
v0062B290_0 .net *"_s323", 0 0, L_00637250; 1 drivers
v0062B2E8_0 .net *"_s324", 0 0, L_0063B390; 1 drivers
v0062B340_0 .net *"_s327", 0 0, L_006372A8; 1 drivers
v0062B398_0 .net *"_s328", 0 0, L_0063B438; 1 drivers
v0062B3F0_0 .net *"_s33", 0 0, L_0062DEE8; 1 drivers
v0062B448_0 .net *"_s331", 0 0, L_00637300; 1 drivers
v0062B4A0_0 .net *"_s332", 0 0, L_0063B4E0; 1 drivers
v0062B4F8_0 .net *"_s335", 0 0, L_00637358; 1 drivers
v0062B550_0 .net *"_s336", 0 0, L_0063B588; 1 drivers
v0062B5A8_0 .net *"_s339", 0 0, L_006373B0; 1 drivers
v0062B600_0 .net *"_s340", 0 0, L_0063B958; 1 drivers
v0062B658_0 .net *"_s343", 0 0, L_00637408; 1 drivers
v0062B6B0_0 .net *"_s344", 0 0, L_0063BA00; 1 drivers
v0062B708_0 .net *"_s347", 0 0, L_00637460; 1 drivers
v0062B760_0 .net *"_s348", 0 0, L_0063BAA8; 1 drivers
v0062B7B8_0 .net *"_s351", 0 0, L_006374B8; 1 drivers
v0062B810_0 .net *"_s352", 0 0, L_0063BB50; 1 drivers
v0062B868_0 .net *"_s355", 0 0, L_00637510; 1 drivers
v0062B8C0_0 .net *"_s363", 15 0, L_006377D0; 1 drivers
v0062B918_0 .net *"_s365", 0 0, L_00637828; 1 drivers
v0062B970_0 .net *"_s366", 15 0, L_00637880; 1 drivers
v0062B9C8_0 .net *"_s368", 15 0, L_0063BCA0; 1 drivers
v0062BA20_0 .net *"_s373", 15 0, L_00637930; 1 drivers
v0062BA78_0 .net *"_s375", 0 0, L_00637988; 1 drivers
v0062BAD0_0 .net *"_s376", 15 0, L_006379E0; 1 drivers
v0062BB28_0 .net *"_s378", 15 0, L_0063BFB0; 1 drivers
v0062BB80_0 .net *"_s41", 0 0, L_006300F0; 1 drivers
v0062BBD8_0 .net *"_s43", 0 0, L_00630148; 1 drivers
v0062BC30_0 .net *"_s44", 0 0, L_0062EDB0; 1 drivers
v0062BC88_0 .net *"_s47", 0 0, L_006301A0; 1 drivers
v0062BCE0_0 .net *"_s48", 0 0, L_0062FA58; 1 drivers
v0062BF88_0 .net *"_s5", 0 0, L_0062D700; 1 drivers
v0062BFE0_0 .net *"_s51", 0 0, L_006301F8; 1 drivers
v0062C038_0 .net *"_s59", 0 0, L_00630778; 1 drivers
v0062C090_0 .net *"_s61", 0 0, L_00630828; 1 drivers
v0062C0E8_0 .net *"_s62", 0 0, L_0062EAD8; 1 drivers
v0062C140_0 .net *"_s65", 0 0, L_00630880; 1 drivers
v0062C198_0 .net *"_s66", 0 0, L_006313E0; 1 drivers
v0062C1F0_0 .net *"_s69", 0 0, L_006308D8; 1 drivers
v0062C248_0 .net *"_s7", 0 0, L_0062D758; 1 drivers
v0062C2A0_0 .net *"_s77", 3 0, L_006316E0; 1 drivers
v0062C2F8_0 .net *"_s79", 0 0, L_00631738; 1 drivers
v0062C350_0 .net *"_s8", 0 0, L_006246C8; 1 drivers
v0062C3A8_0 .net *"_s80", 3 0, L_00631790; 1 drivers
v0062C400_0 .net *"_s82", 3 0, L_00632E30; 1 drivers
v0062C458_0 .net *"_s87", 3 0, L_00631840; 1 drivers
v0062C4B0_0 .net *"_s89", 0 0, L_00631898; 1 drivers
v0062C508_0 .net *"_s90", 3 0, L_006318F0; 1 drivers
v0062C560_0 .net *"_s92", 3 0, L_00632F10; 1 drivers
v0062C5B8_0 .net *"_s97", 3 0, L_006319A0; 1 drivers
v0062C610_0 .net *"_s99", 0 0, L_006319F8; 1 drivers
RS_005F0C64 .resolv tri, L_00630930, L_00630AE8, L_00630C48, L_00630D50;
v0062C668_0 .net8 "ans0", 3 0, RS_005F0C64; 4 drivers
RS_005F0124 .resolv tri, L_00635AB8, L_00635C70, L_00635DD0, L_00635ED8;
v0062C6C0_0 .net8 "ans1", 3 0, RS_005F0124; 4 drivers
RS_005F007C .resolv tri, L_00637568, L_00637670, C4<zz>, C4<zz>;
v0062C718_0 .net8 "ans2", 1 0, RS_005F007C; 2 drivers
RS_005F25E4/0/0 .resolv tri, L_0062D6A8, L_0062DD88, L_00630098, L_006307D0;
RS_005F25E4/0/4 .resolv tri, L_006321E0, L_00634B98, L_00635220, L_00635900;
RS_005F25E4 .resolv tri, RS_005F25E4/0/0, RS_005F25E4/0/4, C4<zzzzzzzzzzzzzzzzzzzzzzzzzzzzzzzz>, C4<zzzzzzzzzzzzzzzzzzzzzzzzzzzzzzzz>;
v0062C770_0 .net8 "temp", 31 0, RS_005F25E4; 8 drivers
RS_005F25FC/0/0 .resolv tri, L_00631688, L_006317E8, L_00631948, L_00631AA8;
RS_005F25FC/0/4 .resolv tri, L_00635FE0, L_00636140, L_006362A0, L_00636400;
RS_005F25FC .resolv tri, RS_005F25FC/0/0, RS_005F25FC/0/4, C4<zzzzzzzzzzzzzzzzzzzzzzzzzzzzzzzz>, C4<zzzzzzzzzzzzzzzzzzzzzzzzzzzzzzzz>;
v0062C7C8_0 .net8 "temp2", 31 0, RS_005F25FC; 8 drivers
v0062C820_0 .net "x1", 0 0, L_0062E348; 1 drivers
v0062C878_0 .net "x10", 0 0, L_0063BBF8; 1 drivers
v0062C8D0_0 .net "x2", 0 0, L_0062ECD0; 1 drivers
v0062C928_0 .net "x3", 0 0, L_0062FB00; 1 drivers
v0062C980_0 .net "x4", 0 0, L_006314C0; 1 drivers
v0062C9D8_0 .net "x5", 0 0, L_00633C28; 1 drivers
v0062CA30_0 .net "x6", 0 0, L_00634748; 1 drivers
v0062CA88_0 .net "x7", 0 0, L_006385D0; 1 drivers
v0062CAE0_0 .net "x8", 0 0, L_00638FC8; 1 drivers
v0062CB38_0 .net "x9", 0 0, L_0063AEF8; 1 drivers
L_0062D650 .part L_0063C090, 0, 4;
RS_005F1564 .resolv tri, L_0062CEA8, L_0062D338, L_0062D498, L_0062D5A0;
L_0062D6A8 .part/pv RS_005F1564, 0, 4, 32;
L_0062D700 .part RS_005F25E4, 3, 1;
L_0062D758 .part RS_005F25E4, 2, 1;
L_0062D7B0 .part RS_005F25E4, 1, 1;
L_0062D808 .part RS_005F25E4, 0, 1;
L_0062DD30 .part L_0063C090, 4, 4;
RS_005F1324 .resolv tri, L_0062D860, L_0062DA18, L_0062DB78, L_0062DC80;
L_0062DD88 .part/pv RS_005F1324, 4, 4, 32;
L_0062DDE0 .part RS_005F25E4, 7, 1;
L_0062DE38 .part RS_005F25E4, 6, 1;
L_0062DE90 .part RS_005F25E4, 5, 1;
L_0062DEE8 .part RS_005F25E4, 4, 1;
L_00630040 .part L_0063C090, 8, 4;
RS_005F10E4 .resolv tri, L_0062DF40, L_0062E0F8, L_0062FE88, L_0062FF90;
L_00630098 .part/pv RS_005F10E4, 8, 4, 32;
L_006300F0 .part RS_005F25E4, 11, 1;
L_00630148 .part RS_005F25E4, 10, 1;
L_006301A0 .part RS_005F25E4, 9, 1;
L_006301F8 .part RS_005F25E4, 8, 1;
L_00630720 .part L_0063C090, 12, 4;
RS_005F0EA4 .resolv tri, L_00630250, L_00630408, L_00630568, L_00630670;
L_006307D0 .part/pv RS_005F0EA4, 12, 4, 32;
L_00630778 .part RS_005F25E4, 15, 1;
L_00630828 .part RS_005F25E4, 14, 1;
L_00630880 .part RS_005F25E4, 13, 1;
L_006308D8 .part RS_005F25E4, 12, 1;
L_00631630 .concat [ 1 1 1 1], L_0062E348, L_0062ECD0, L_0062FB00, L_006314C0;
L_00631688 .part/pv L_00632E30, 0, 4, 32;
L_006316E0 .part RS_005F25E4, 0, 4;
L_00631738 .part RS_005F0C64, 0, 1;
L_00631790 .concat [ 1 1 1 1], L_00631738, L_00631738, L_00631738, L_00631738;
L_006317E8 .part/pv L_00632F10, 4, 4, 32;
L_00631840 .part RS_005F25E4, 4, 4;
L_00631898 .part RS_005F0C64, 1, 1;
L_006318F0 .concat [ 1 1 1 1], L_00631898, L_00631898, L_00631898, L_00631898;
L_00631948 .part/pv L_00632FF0, 8, 4, 32;
L_006319A0 .part RS_005F25E4, 8, 4;
L_006319F8 .part RS_005F0C64, 2, 1;
L_00631A50 .concat [ 1 1 1 1], L_006319F8, L_006319F8, L_006319F8, L_006319F8;
L_00631AA8 .part/pv L_00631C60, 12, 4, 32;
L_00631B00 .part RS_005F25E4, 8, 8;
L_00631B58 .part RS_005F0C64, 3, 1;
L_00631BB0 .concat [ 1 1 1 1], L_00631B58, L_00631B58, L_00631B58, L_00631B58;
L_00631C08 .concat [ 4 4 0 0], L_00631BB0, C4<0000>;
L_00631C60 .part L_00633108, 0, 4;
L_00632188 .part L_0063C090, 16, 4;
RS_005F0A24 .resolv tri, L_00631CB8, L_00631E70, L_00631FD0, L_006320D8;
L_006321E0 .part/pv RS_005F0A24, 16, 4, 32;
L_00632238 .part RS_005F25E4, 19, 1;
L_00632290 .part RS_005F25E4, 18, 1;
L_006322E8 .part RS_005F25E4, 17, 1;
L_00632340 .part RS_005F25E4, 16, 1;
L_00634B40 .part L_0063C090, 20, 4;
RS_005F07E4 .resolv tri, L_006323F0, L_006325A8, L_00634988, L_00634A90;
L_00634B98 .part/pv RS_005F07E4, 20, 4, 32;
L_00634BF0 .part RS_005F25E4, 23, 1;
L_00634C48 .part RS_005F25E4, 22, 1;
L_00632398 .part RS_005F25E4, 21, 1;
L_00634CA0 .part RS_005F25E4, 20, 1;
L_006351C8 .part L_0063C090, 24, 4;
RS_005F05A4 .resolv tri, L_00634CF8, L_00634EB0, L_00635010, L_00635118;
L_00635220 .part/pv RS_005F05A4, 24, 4, 32;
L_00635278 .part RS_005F25E4, 27, 1;
L_006352D0 .part RS_005F25E4, 26, 1;
L_00635328 .part RS_005F25E4, 25, 1;
L_00635380 .part RS_005F25E4, 24, 1;
L_006358A8 .part L_0063C090, 28, 4;
RS_005F0364 .resolv tri, L_006353D8, L_00635590, L_006356F0, L_006357F8;
L_00635900 .part/pv RS_005F0364, 28, 4, 32;
L_00635958 .part RS_005F25E4, 31, 1;
L_006359B0 .part RS_005F25E4, 30, 1;
L_00635A08 .part RS_005F25E4, 29, 1;
L_00635A60 .part RS_005F25E4, 28, 1;
L_00635F88 .concat [ 1 1 1 1], L_00633C28, L_00634748, L_006385D0, L_00638FC8;
L_00635FE0 .part/pv L_006399F8, 16, 4, 32;
L_00636038 .part RS_005F25E4, 16, 4;
L_00636090 .part RS_005F0124, 0, 1;
L_006360E8 .concat [ 1 1 1 1], L_00636090, L_00636090, L_00636090, L_00636090;
L_00636140 .part/pv L_00639AD8, 20, 4, 32;
L_00636198 .part RS_005F25E4, 20, 4;
L_006361F0 .part RS_005F0124, 1, 1;
L_00636248 .concat [ 1 1 1 1], L_006361F0, L_006361F0, L_006361F0, L_006361F0;
L_006362A0 .part/pv L_00639BB8, 24, 4, 32;
L_006362F8 .part RS_005F25E4, 24, 4;
L_00636350 .part RS_005F0124, 2, 1;
L_006363A8 .concat [ 1 1 1 1], L_00636350, L_00636350, L_00636350, L_00636350;
L_00636400 .part/pv L_00639C98, 28, 4, 32;
L_00636458 .part RS_005F25E4, 28, 4;
L_006364B0 .part RS_005F0124, 3, 1;
L_00636508 .concat [ 1 1 1 1], L_006364B0, L_006364B0, L_006364B0, L_006364B0;
L_00636560 .part RS_005F25FC, 15, 1;
L_006365B8 .part RS_005F25FC, 14, 1;
L_00636610 .part RS_005F25FC, 13, 1;
L_00636668 .part RS_005F25FC, 12, 1;
L_006366C0 .part RS_005F25FC, 11, 1;
L_00636718 .part RS_005F25FC, 10, 1;
L_00636770 .part RS_005F25FC, 9, 1;
L_006367C8 .part RS_005F25FC, 8, 1;
L_00636D28 .part RS_005F25FC, 7, 1;
L_00636D80 .part RS_005F25FC, 6, 1;
L_00636DD8 .part RS_005F25FC, 5, 1;
L_00636E30 .part RS_005F25FC, 4, 1;
L_00636E88 .part RS_005F25FC, 3, 1;
L_00636EE0 .part RS_005F25FC, 2, 1;
L_00636F38 .part RS_005F25FC, 1, 1;
L_00636F90 .part RS_005F25FC, 0, 1;
L_00636FE8 .part RS_005F25FC, 31, 1;
L_00637040 .part RS_005F25FC, 30, 1;
L_00637098 .part RS_005F25FC, 29, 1;
L_006370F0 .part RS_005F25FC, 28, 1;
L_00637148 .part RS_005F25FC, 27, 1;
L_006371A0 .part RS_005F25FC, 26, 1;
L_006371F8 .part RS_005F25FC, 25, 1;
L_00637250 .part RS_005F25FC, 24, 1;
L_006372A8 .part RS_005F25FC, 23, 1;
L_00637300 .part RS_005F25FC, 22, 1;
L_00637358 .part RS_005F25FC, 21, 1;
L_006373B0 .part RS_005F25FC, 20, 1;
L_00637408 .part RS_005F25FC, 19, 1;
L_00637460 .part RS_005F25FC, 18, 1;
L_006374B8 .part RS_005F25FC, 17, 1;
L_00637510 .part RS_005F25FC, 16, 1;
L_00637720 .concat [ 1 1 0 0], L_0063AEF8, L_0063BBF8;
L_00637778 .part/pv L_0063BCA0, 0, 16, 32;
L_006377D0 .part RS_005F25FC, 0, 16;
L_00637828 .part RS_005F007C, 0, 1;
LS_00637880_0_0 .concat [ 1 1 1 1], L_00637828, L_00637828, L_00637828, L_00637828;
LS_00637880_0_4 .concat [ 1 1 1 1], L_00637828, L_00637828, L_00637828, L_00637828;
LS_00637880_0_8 .concat [ 1 1 1 1], L_00637828, L_00637828, L_00637828, L_00637828;
LS_00637880_0_12 .concat [ 1 1 1 1], L_00637828, L_00637828, L_00637828, L_00637828;
L_00637880 .concat [ 4 4 4 4], LS_00637880_0_0, LS_00637880_0_4, LS_00637880_0_8, LS_00637880_0_12;
L_006378D8 .part/pv L_0063BFB0, 16, 16, 32;
L_00637930 .part RS_005F25FC, 16, 16;
L_00637988 .part RS_005F007C, 1, 1;
LS_006379E0_0_0 .concat [ 1 1 1 1], L_00637988, L_00637988, L_00637988, L_00637988;
LS_006379E0_0_4 .concat [ 1 1 1 1], L_00637988, L_00637988, L_00637988, L_00637988;
LS_006379E0_0_8 .concat [ 1 1 1 1], L_00637988, L_00637988, L_00637988, L_00637988;
LS_006379E0_0_12 .concat [ 1 1 1 1], L_00637988, L_00637988, L_00637988, L_00637988;
L_006379E0 .concat [ 4 4 4 4], LS_006379E0_0_0, LS_006379E0_0_4, LS_006379E0_0_8, LS_006379E0_0_12;
S_005ECCA0 .scope module, "u1" "PE4" 3 13, 4 1, S_005EC640;
 .timescale 0 0;
L_00624000 .functor NOT 1, L_0062CF00, C4<0>, C4<0>, C4<0>;
L_006240A8 .functor NOT 1, L_0062D230, C4<0>, C4<0>, C4<0>;
L_00624118 .functor AND 1, L_00624000, L_006240A8, C4<1>, C4<1>;
L_006241C0 .functor NOT 1, L_0062D288, C4<0>, C4<0>, C4<0>;
L_00624230 .functor AND 1, L_00624118, L_006241C0, C4<1>, C4<1>;
L_00624070 .functor AND 1, L_00624230, L_0062D2E0, C4<1>, C4<1>;
L_006243B8 .functor NOT 1, L_0062D390, C4<0>, C4<0>, C4<0>;
L_00624428 .functor NOT 1, L_0062D3E8, C4<0>, C4<0>, C4<0>;
L_00624498 .functor AND 1, L_006243B8, L_00624428, C4<1>, C4<1>;
L_00624540 .functor AND 1, L_00624498, L_0062D440, C4<1>, C4<1>;
L_00624658 .functor NOT 1, L_0062D4F0, C4<0>, C4<0>, C4<0>;
L_00624620 .functor AND 1, L_00624658, L_0062D548, C4<1>, C4<1>;
v00628148_0 .net "A", 3 0, L_0062D650; 1 drivers
v006281A0_0 .net8 "Y", 3 0, RS_005F1564; 4 drivers
v006281F8_0 .net *"_s10", 0 0, L_00624118; 1 drivers
v00628250_0 .net *"_s13", 0 0, L_0062D288; 1 drivers
v006282A8_0 .net *"_s14", 0 0, L_006241C0; 1 drivers
v00628300_0 .net *"_s16", 0 0, L_00624230; 1 drivers
v00628358_0 .net *"_s19", 0 0, L_0062D2E0; 1 drivers
v006283B0_0 .net *"_s20", 0 0, L_00624070; 1 drivers
v00628408_0 .net *"_s25", 0 0, L_0062D390; 1 drivers
v00628460_0 .net *"_s26", 0 0, L_006243B8; 1 drivers
v006284B8_0 .net *"_s29", 0 0, L_0062D3E8; 1 drivers
v00628510_0 .net *"_s3", 0 0, L_0062CF00; 1 drivers
v00628568_0 .net *"_s30", 0 0, L_00624428; 1 drivers
v006285C0_0 .net *"_s32", 0 0, L_00624498; 1 drivers
v00628618_0 .net *"_s35", 0 0, L_0062D440; 1 drivers
v00628670_0 .net *"_s36", 0 0, L_00624540; 1 drivers
v006286C8_0 .net *"_s4", 0 0, L_00624000; 1 drivers
v00628720_0 .net *"_s41", 0 0, L_0062D4F0; 1 drivers
v00628778_0 .net *"_s42", 0 0, L_00624658; 1 drivers
v00628C58_0 .net *"_s45", 0 0, L_0062D548; 1 drivers
v00628C00_0 .net *"_s46", 0 0, L_00624620; 1 drivers
v00628CB0_0 .net *"_s51", 0 0, L_0062D5F8; 1 drivers
v00628D08_0 .net *"_s7", 0 0, L_0062D230; 1 drivers
v00628D60_0 .net *"_s8", 0 0, L_006240A8; 1 drivers
L_0062CEA8 .part/pv L_00624070, 0, 1, 4;
L_0062CF00 .part L_0062D650, 3, 1;
L_0062D230 .part L_0062D650, 2, 1;
L_0062D288 .part L_0062D650, 1, 1;
L_0062D2E0 .part L_0062D650, 0, 1;
L_0062D338 .part/pv L_00624540, 1, 1, 4;
L_0062D390 .part L_0062D650, 3, 1;
L_0062D3E8 .part L_0062D650, 2, 1;
L_0062D440 .part L_0062D650, 1, 1;
L_0062D498 .part/pv L_00624620, 2, 1, 4;
L_0062D4F0 .part L_0062D650, 3, 1;
L_0062D548 .part L_0062D650, 2, 1;
L_0062D5A0 .part/pv L_0062D5F8, 3, 1, 4;
L_0062D5F8 .part L_0062D650, 3, 1;
S_005ECC18 .scope module, "u2" "PE4" 3 15, 4 1, S_005EC640;
 .timescale 0 0;
L_0062E3F0 .functor NOT 1, L_0062D8B8, C4<0>, C4<0>, C4<0>;
L_0062E498 .functor NOT 1, L_0062D910, C4<0>, C4<0>, C4<0>;
L_0062E508 .functor AND 1, L_0062E3F0, L_0062E498, C4<1>, C4<1>;
L_0062E5B0 .functor NOT 1, L_0062D968, C4<0>, C4<0>, C4<0>;
L_0062E620 .functor AND 1, L_0062E508, L_0062E5B0, C4<1>, C4<1>;
L_0062E460 .functor AND 1, L_0062E620, L_0062D9C0, C4<1>, C4<1>;
L_0062E7A8 .functor NOT 1, L_0062DA70, C4<0>, C4<0>, C4<0>;
L_0062E818 .functor NOT 1, L_0062DAC8, C4<0>, C4<0>, C4<0>;
L_0062E888 .functor AND 1, L_0062E7A8, L_0062E818, C4<1>, C4<1>;
L_0062E930 .functor AND 1, L_0062E888, L_0062DB20, C4<1>, C4<1>;
L_0062EA68 .functor NOT 1, L_0062DBD0, C4<0>, C4<0>, C4<0>;
L_0062EA30 .functor AND 1, L_0062EA68, L_0062DC28, C4<1>, C4<1>;
v00627908_0 .net "A", 3 0, L_0062DD30; 1 drivers
v00627960_0 .net8 "Y", 3 0, RS_005F1324; 4 drivers
v006279B8_0 .net *"_s10", 0 0, L_0062E508; 1 drivers
v00627A10_0 .net *"_s13", 0 0, L_0062D968; 1 drivers
v00627A68_0 .net *"_s14", 0 0, L_0062E5B0; 1 drivers
v00627AC0_0 .net *"_s16", 0 0, L_0062E620; 1 drivers
v00627B18_0 .net *"_s19", 0 0, L_0062D9C0; 1 drivers
v00627B70_0 .net *"_s20", 0 0, L_0062E460; 1 drivers
v00627BC8_0 .net *"_s25", 0 0, L_0062DA70; 1 drivers
v00627C20_0 .net *"_s26", 0 0, L_0062E7A8; 1 drivers
v00627C78_0 .net *"_s29", 0 0, L_0062DAC8; 1 drivers
v00627CD0_0 .net *"_s3", 0 0, L_0062D8B8; 1 drivers
v00627D28_0 .net *"_s30", 0 0, L_0062E818; 1 drivers
v00627D80_0 .net *"_s32", 0 0, L_0062E888; 1 drivers
v00627DD8_0 .net *"_s35", 0 0, L_0062DB20; 1 drivers
v00627E30_0 .net *"_s36", 0 0, L_0062E930; 1 drivers
v00627E88_0 .net *"_s4", 0 0, L_0062E3F0; 1 drivers
v00627EE0_0 .net *"_s41", 0 0, L_0062DBD0; 1 drivers
v00627F38_0 .net *"_s42", 0 0, L_0062EA68; 1 drivers
v00627FE8_0 .net *"_s45", 0 0, L_0062DC28; 1 drivers
v00627F90_0 .net *"_s46", 0 0, L_0062EA30; 1 drivers
v00628040_0 .net *"_s51", 0 0, L_0062DCD8; 1 drivers
v00628098_0 .net *"_s7", 0 0, L_0062D910; 1 drivers
v006280F0_0 .net *"_s8", 0 0, L_0062E498; 1 drivers
L_0062D860 .part/pv L_0062E460, 0, 1, 4;
L_0062D8B8 .part L_0062DD30, 3, 1;
L_0062D910 .part L_0062DD30, 2, 1;
L_0062D968 .part L_0062DD30, 1, 1;
L_0062D9C0 .part L_0062DD30, 0, 1;
L_0062DA18 .part/pv L_0062E930, 1, 1, 4;
L_0062DA70 .part L_0062DD30, 3, 1;
L_0062DAC8 .part L_0062DD30, 2, 1;
L_0062DB20 .part L_0062DD30, 1, 1;
L_0062DB78 .part/pv L_0062EA30, 2, 1, 4;
L_0062DBD0 .part L_0062DD30, 3, 1;
L_0062DC28 .part L_0062DD30, 2, 1;
L_0062DC80 .part/pv L_0062DCD8, 3, 1, 4;
L_0062DCD8 .part L_0062DD30, 3, 1;
S_005ECB90 .scope module, "u3" "PE4" 3 17, 4 1, S_005EC640;
 .timescale 0 0;
L_0062EE58 .functor NOT 1, L_0062DF98, C4<0>, C4<0>, C4<0>;
L_0062EF00 .functor NOT 1, L_0062DFF0, C4<0>, C4<0>, C4<0>;
L_0062EF70 .functor AND 1, L_0062EE58, L_0062EF00, C4<1>, C4<1>;
L_0062F018 .functor NOT 1, L_0062E048, C4<0>, C4<0>, C4<0>;
L_0062F088 .functor AND 1, L_0062EF70, L_0062F018, C4<1>, C4<1>;
L_0062EEC8 .functor AND 1, L_0062F088, L_0062E0A0, C4<1>, C4<1>;
L_0062E770 .functor NOT 1, L_0062E150, C4<0>, C4<0>, C4<0>;
L_0062F668 .functor NOT 1, L_0062E1A8, C4<0>, C4<0>, C4<0>;
L_0062F6D8 .functor AND 1, L_0062E770, L_0062F668, C4<1>, C4<1>;
L_0062F780 .functor AND 1, L_0062F6D8, L_0062FE30, C4<1>, C4<1>;
L_0062F898 .functor NOT 1, L_0062FEE0, C4<0>, C4<0>, C4<0>;
L_0062F860 .functor AND 1, L_0062F898, L_0062FF38, C4<1>, C4<1>;
v00626098_0 .net "A", 3 0, L_00630040; 1 drivers
v006260F0_0 .net8 "Y", 3 0, RS_005F10E4; 4 drivers
v00626148_0 .net *"_s10", 0 0, L_0062EF70; 1 drivers
v006261A0_0 .net *"_s13", 0 0, L_0062E048; 1 drivers
v006261F8_0 .net *"_s14", 0 0, L_0062F018; 1 drivers
v00626250_0 .net *"_s16", 0 0, L_0062F088; 1 drivers
v006262A8_0 .net *"_s19", 0 0, L_0062E0A0; 1 drivers
v00626300_0 .net *"_s20", 0 0, L_0062EEC8; 1 drivers
v00626358_0 .net *"_s25", 0 0, L_0062E150; 1 drivers
v006263B0_0 .net *"_s26", 0 0, L_0062E770; 1 drivers
v00626408_0 .net *"_s29", 0 0, L_0062E1A8; 1 drivers
v00626460_0 .net *"_s3", 0 0, L_0062DF98; 1 drivers
v006264B8_0 .net *"_s30", 0 0, L_0062F668; 1 drivers
v00626510_0 .net *"_s32", 0 0, L_0062F6D8; 1 drivers
v00626568_0 .net *"_s35", 0 0, L_0062FE30; 1 drivers
v006265C0_0 .net *"_s36", 0 0, L_0062F780; 1 drivers
v00626618_0 .net *"_s4", 0 0, L_0062EE58; 1 drivers
v00626670_0 .net *"_s41", 0 0, L_0062FEE0; 1 drivers
v006266C8_0 .net *"_s42", 0 0, L_0062F898; 1 drivers
v00626778_0 .net *"_s45", 0 0, L_0062FF38; 1 drivers
v00626720_0 .net *"_s46", 0 0, L_0062F860; 1 drivers
v00627800_0 .net *"_s51", 0 0, L_0062FFE8; 1 drivers
v00627858_0 .net *"_s7", 0 0, L_0062DFF0; 1 drivers
v006278B0_0 .net *"_s8", 0 0, L_0062EF00; 1 drivers
L_0062DF40 .part/pv L_0062EEC8, 0, 1, 4;
L_0062DF98 .part L_00630040, 3, 1;
L_0062DFF0 .part L_00630040, 2, 1;
L_0062E048 .part L_00630040, 1, 1;
L_0062E0A0 .part L_00630040, 0, 1;
L_0062E0F8 .part/pv L_0062F780, 1, 1, 4;
L_0062E150 .part L_00630040, 3, 1;
L_0062E1A8 .part L_00630040, 2, 1;
L_0062FE30 .part L_00630040, 1, 1;
L_0062FE88 .part/pv L_0062F860, 2, 1, 4;
L_0062FEE0 .part L_00630040, 3, 1;
L_0062FF38 .part L_00630040, 2, 1;
L_0062FF90 .part/pv L_0062FFE8, 3, 1, 4;
L_0062FFE8 .part L_00630040, 3, 1;
S_005ECB08 .scope module, "u4" "PE4" 3 19, 4 1, S_005EC640;
 .timescale 0 0;
L_0062FBA8 .functor NOT 1, L_006302A8, C4<0>, C4<0>, C4<0>;
L_0062FC50 .functor NOT 1, L_00630300, C4<0>, C4<0>, C4<0>;
L_0062FCC0 .functor AND 1, L_0062FBA8, L_0062FC50, C4<1>, C4<1>;
L_0062FD68 .functor NOT 1, L_00630358, C4<0>, C4<0>, C4<0>;
L_0062FDD8 .functor AND 1, L_0062FCC0, L_0062FD68, C4<1>, C4<1>;
L_0062FC18 .functor AND 1, L_0062FDD8, L_006303B0, C4<1>, C4<1>;
L_00630F80 .functor NOT 1, L_00630460, C4<0>, C4<0>, C4<0>;
L_00630FF0 .functor NOT 1, L_006304B8, C4<0>, C4<0>, C4<0>;
L_00631060 .functor AND 1, L_00630F80, L_00630FF0, C4<1>, C4<1>;
L_00631108 .functor AND 1, L_00631060, L_00630510, C4<1>, C4<1>;
L_00631220 .functor NOT 1, L_006305C0, C4<0>, C4<0>, C4<0>;
L_006311E8 .functor AND 1, L_00631220, L_00630618, C4<1>, C4<1>;
v00625858_0 .net "A", 3 0, L_00630720; 1 drivers
v006258B0_0 .net8 "Y", 3 0, RS_005F0EA4; 4 drivers
v00625908_0 .net *"_s10", 0 0, L_0062FCC0; 1 drivers
v00625960_0 .net *"_s13", 0 0, L_00630358; 1 drivers
v006259B8_0 .net *"_s14", 0 0, L_0062FD68; 1 drivers
v00625A10_0 .net *"_s16", 0 0, L_0062FDD8; 1 drivers
v00625A68_0 .net *"_s19", 0 0, L_006303B0; 1 drivers
v00625AC0_0 .net *"_s20", 0 0, L_0062FC18; 1 drivers
v00625B18_0 .net *"_s25", 0 0, L_00630460; 1 drivers
v00625B70_0 .net *"_s26", 0 0, L_00630F80; 1 drivers
v00625BC8_0 .net *"_s29", 0 0, L_006304B8; 1 drivers
v00625C20_0 .net *"_s3", 0 0, L_006302A8; 1 drivers
v00625C78_0 .net *"_s30", 0 0, L_00630FF0; 1 drivers
v00625CD0_0 .net *"_s32", 0 0, L_00631060; 1 drivers
v00625D28_0 .net *"_s35", 0 0, L_00630510; 1 drivers
v00625D80_0 .net *"_s36", 0 0, L_00631108; 1 drivers
v00625DD8_0 .net *"_s4", 0 0, L_0062FBA8; 1 drivers
v00625E30_0 .net *"_s41", 0 0, L_006305C0; 1 drivers
v00625E88_0 .net *"_s42", 0 0, L_00631220; 1 drivers
v00625F38_0 .net *"_s45", 0 0, L_00630618; 1 drivers
v00625EE0_0 .net *"_s46", 0 0, L_006311E8; 1 drivers
v00625F90_0 .net *"_s51", 0 0, L_006306C8; 1 drivers
v00625FE8_0 .net *"_s7", 0 0, L_00630300; 1 drivers
v00626040_0 .net *"_s8", 0 0, L_0062FC50; 1 drivers
L_00630250 .part/pv L_0062FC18, 0, 1, 4;
L_006302A8 .part L_00630720, 3, 1;
L_00630300 .part L_00630720, 2, 1;
L_00630358 .part L_00630720, 1, 1;
L_006303B0 .part L_00630720, 0, 1;
L_00630408 .part/pv L_00631108, 1, 1, 4;
L_00630460 .part L_00630720, 3, 1;
L_006304B8 .part L_00630720, 2, 1;
L_00630510 .part L_00630720, 1, 1;
L_00630568 .part/pv L_006311E8, 2, 1, 4;
L_006305C0 .part L_00630720, 3, 1;
L_00630618 .part L_00630720, 2, 1;
L_00630670 .part/pv L_006306C8, 3, 1, 4;
L_006306C8 .part L_00630720, 3, 1;
S_005ECA80 .scope module, "u5" "PE4" 3 22, 4 1, S_005EC640;
 .timescale 0 0;
L_006315A0 .functor NOT 1, L_00630988, C4<0>, C4<0>, C4<0>;
L_00632668 .functor NOT 1, L_006309E0, C4<0>, C4<0>, C4<0>;
L_006326D8 .functor AND 1, L_006315A0, L_00632668, C4<1>, C4<1>;
L_00632780 .functor NOT 1, L_00630A38, C4<0>, C4<0>, C4<0>;
L_006327F0 .functor AND 1, L_006326D8, L_00632780, C4<1>, C4<1>;
L_00632630 .functor AND 1, L_006327F0, L_00630A90, C4<1>, C4<1>;
L_00632940 .functor NOT 1, L_00630B40, C4<0>, C4<0>, C4<0>;
L_006329B0 .functor NOT 1, L_00630B98, C4<0>, C4<0>, C4<0>;
L_00632A20 .functor AND 1, L_00632940, L_006329B0, C4<1>, C4<1>;
L_00632AC8 .functor AND 1, L_00632A20, L_00630BF0, C4<1>, C4<1>;
L_00632BA8 .functor NOT 1, L_00630CA0, C4<0>, C4<0>, C4<0>;
L_00631488 .functor AND 1, L_00632BA8, L_00630CF8, C4<1>, C4<1>;
v00624FE8_0 .net "A", 3 0, L_00631630; 1 drivers
v00625040_0 .alias "Y", 3 0, v0062C668_0;
v00625098_0 .net *"_s10", 0 0, L_006326D8; 1 drivers
v006250F0_0 .net *"_s13", 0 0, L_00630A38; 1 drivers
v00625148_0 .net *"_s14", 0 0, L_00632780; 1 drivers
v006251A0_0 .net *"_s16", 0 0, L_006327F0; 1 drivers
v006251F8_0 .net *"_s19", 0 0, L_00630A90; 1 drivers
v00625250_0 .net *"_s20", 0 0, L_00632630; 1 drivers
v006252A8_0 .net *"_s25", 0 0, L_00630B40; 1 drivers
v00625300_0 .net *"_s26", 0 0, L_00632940; 1 drivers
v00625358_0 .net *"_s29", 0 0, L_00630B98; 1 drivers
v006253B0_0 .net *"_s3", 0 0, L_00630988; 1 drivers
v00625408_0 .net *"_s30", 0 0, L_006329B0; 1 drivers
v00625460_0 .net *"_s32", 0 0, L_00632A20; 1 drivers
v006254B8_0 .net *"_s35", 0 0, L_00630BF0; 1 drivers
v00625510_0 .net *"_s36", 0 0, L_00632AC8; 1 drivers
v00625568_0 .net *"_s4", 0 0, L_006315A0; 1 drivers
v006255C0_0 .net *"_s41", 0 0, L_00630CA0; 1 drivers
v00625618_0 .net *"_s42", 0 0, L_00632BA8; 1 drivers
v00625670_0 .net *"_s45", 0 0, L_00630CF8; 1 drivers
v006256C8_0 .net *"_s46", 0 0, L_00631488; 1 drivers
v00625720_0 .net *"_s51", 0 0, L_00630DA8; 1 drivers
v00625778_0 .net *"_s7", 0 0, L_006309E0; 1 drivers
v00625800_0 .net *"_s8", 0 0, L_00632668; 1 drivers
L_00630930 .part/pv L_00632630, 0, 1, 4;
L_00630988 .part L_00631630, 3, 1;
L_006309E0 .part L_00631630, 2, 1;
L_00630A38 .part L_00631630, 1, 1;
L_00630A90 .part L_00631630, 0, 1;
L_00630AE8 .part/pv L_00632AC8, 1, 1, 4;
L_00630B40 .part L_00631630, 3, 1;
L_00630B98 .part L_00631630, 2, 1;
L_00630BF0 .part L_00631630, 1, 1;
L_00630C48 .part/pv L_00631488, 2, 1, 4;
L_00630CA0 .part L_00631630, 3, 1;
L_00630CF8 .part L_00631630, 2, 1;
L_00630D50 .part/pv L_00630DA8, 3, 1, 4;
L_00630DA8 .part L_00631630, 3, 1;
S_005EC9F8 .scope module, "u6" "PE4" 3 29, 4 1, S_005EC640;
 .timescale 0 0;
L_00633220 .functor NOT 1, L_00631D10, C4<0>, C4<0>, C4<0>;
L_006332C8 .functor NOT 1, L_00631D68, C4<0>, C4<0>, C4<0>;
L_00633338 .functor AND 1, L_00633220, L_006332C8, C4<1>, C4<1>;
L_006333E0 .functor NOT 1, L_00631DC0, C4<0>, C4<0>, C4<0>;
L_00633450 .functor AND 1, L_00633338, L_006333E0, C4<1>, C4<1>;
L_00633290 .functor AND 1, L_00633450, L_00631E18, C4<1>, C4<1>;
L_006335D8 .functor NOT 1, L_00631EC8, C4<0>, C4<0>, C4<0>;
L_00633720 .functor NOT 1, L_00631F20, C4<0>, C4<0>, C4<0>;
L_00633790 .functor AND 1, L_006335D8, L_00633720, C4<1>, C4<1>;
L_00633838 .functor AND 1, L_00633790, L_00631F78, C4<1>, C4<1>;
L_00633950 .functor NOT 1, L_00632028, C4<0>, C4<0>, C4<0>;
L_00633918 .functor AND 1, L_00633950, L_00632080, C4<1>, C4<1>;
v00621F78_0 .net "A", 3 0, L_00632188; 1 drivers
v00624800_0 .net8 "Y", 3 0, RS_005F0A24; 4 drivers
v00624858_0 .net *"_s10", 0 0, L_00633338; 1 drivers
v006248B0_0 .net *"_s13", 0 0, L_00631DC0; 1 drivers
v00624908_0 .net *"_s14", 0 0, L_006333E0; 1 drivers
v00624960_0 .net *"_s16", 0 0, L_00633450; 1 drivers
v006249B8_0 .net *"_s19", 0 0, L_00631E18; 1 drivers
v00624A10_0 .net *"_s20", 0 0, L_00633290; 1 drivers
v00624A68_0 .net *"_s25", 0 0, L_00631EC8; 1 drivers
v00624AC0_0 .net *"_s26", 0 0, L_006335D8; 1 drivers
v00624B18_0 .net *"_s29", 0 0, L_00631F20; 1 drivers
v00624B70_0 .net *"_s3", 0 0, L_00631D10; 1 drivers
v00624BC8_0 .net *"_s30", 0 0, L_00633720; 1 drivers
v00624C20_0 .net *"_s32", 0 0, L_00633790; 1 drivers
v00624C78_0 .net *"_s35", 0 0, L_00631F78; 1 drivers
v00624CD0_0 .net *"_s36", 0 0, L_00633838; 1 drivers
v00624D28_0 .net *"_s4", 0 0, L_00633220; 1 drivers
v00624D80_0 .net *"_s41", 0 0, L_00632028; 1 drivers
v00624DD8_0 .net *"_s42", 0 0, L_00633950; 1 drivers
v00624E30_0 .net *"_s45", 0 0, L_00632080; 1 drivers
v00624E88_0 .net *"_s46", 0 0, L_00633918; 1 drivers
v00624EE0_0 .net *"_s51", 0 0, L_00632130; 1 drivers
v00624F38_0 .net *"_s7", 0 0, L_00631D68; 1 drivers
v00624F90_0 .net *"_s8", 0 0, L_006332C8; 1 drivers
L_00631CB8 .part/pv L_00633290, 0, 1, 4;
L_00631D10 .part L_00632188, 3, 1;
L_00631D68 .part L_00632188, 2, 1;
L_00631DC0 .part L_00632188, 1, 1;
L_00631E18 .part L_00632188, 0, 1;
L_00631E70 .part/pv L_00633838, 1, 1, 4;
L_00631EC8 .part L_00632188, 3, 1;
L_00631F20 .part L_00632188, 2, 1;
L_00631F78 .part L_00632188, 1, 1;
L_00631FD0 .part/pv L_00633918, 2, 1, 4;
L_00632028 .part L_00632188, 3, 1;
L_00632080 .part L_00632188, 2, 1;
L_006320D8 .part/pv L_00632130, 3, 1, 4;
L_00632130 .part L_00632188, 3, 1;
S_005EC860 .scope module, "u7" "PE4" 3 31, 4 1, S_005EC640;
 .timescale 0 0;
L_00633CD0 .functor NOT 1, L_00632448, C4<0>, C4<0>, C4<0>;
L_00633D78 .functor NOT 1, L_006324A0, C4<0>, C4<0>, C4<0>;
L_00633DE8 .functor AND 1, L_00633CD0, L_00633D78, C4<1>, C4<1>;
L_00633E90 .functor NOT 1, L_006324F8, C4<0>, C4<0>, C4<0>;
L_00634080 .functor AND 1, L_00633DE8, L_00633E90, C4<1>, C4<1>;
L_00633D40 .functor AND 1, L_00634080, L_00632550, C4<1>, C4<1>;
L_00634208 .functor NOT 1, L_00634880, C4<0>, C4<0>, C4<0>;
L_00634278 .functor NOT 1, L_006348D8, C4<0>, C4<0>, C4<0>;
L_006342E8 .functor AND 1, L_00634208, L_00634278, C4<1>, C4<1>;
L_00634390 .functor AND 1, L_006342E8, L_00634930, C4<1>, C4<1>;
L_006344A8 .functor NOT 1, L_006349E0, C4<0>, C4<0>, C4<0>;
L_00634470 .functor AND 1, L_006344A8, L_00634A38, C4<1>, C4<1>;
v00621738_0 .net "A", 3 0, L_00634B40; 1 drivers
v00621790_0 .net8 "Y", 3 0, RS_005F07E4; 4 drivers
v006217E8_0 .net *"_s10", 0 0, L_00633DE8; 1 drivers
v00621840_0 .net *"_s13", 0 0, L_006324F8; 1 drivers
v00621898_0 .net *"_s14", 0 0, L_00633E90; 1 drivers
v006218F0_0 .net *"_s16", 0 0, L_00634080; 1 drivers
v00621948_0 .net *"_s19", 0 0, L_00632550; 1 drivers
v006219A0_0 .net *"_s20", 0 0, L_00633D40; 1 drivers
v006219F8_0 .net *"_s25", 0 0, L_00634880; 1 drivers
v00621A50_0 .net *"_s26", 0 0, L_00634208; 1 drivers
v00621AA8_0 .net *"_s29", 0 0, L_006348D8; 1 drivers
v00621B00_0 .net *"_s3", 0 0, L_00632448; 1 drivers
v00621B58_0 .net *"_s30", 0 0, L_00634278; 1 drivers
v00621BB0_0 .net *"_s32", 0 0, L_006342E8; 1 drivers
v00621C08_0 .net *"_s35", 0 0, L_00634930; 1 drivers
v00621C60_0 .net *"_s36", 0 0, L_00634390; 1 drivers
v00621CB8_0 .net *"_s4", 0 0, L_00633CD0; 1 drivers
v00621D10_0 .net *"_s41", 0 0, L_006349E0; 1 drivers
v00621D68_0 .net *"_s42", 0 0, L_006344A8; 1 drivers
v00621DC0_0 .net *"_s45", 0 0, L_00634A38; 1 drivers
v00621E18_0 .net *"_s46", 0 0, L_00634470; 1 drivers
v00621E70_0 .net *"_s51", 0 0, L_00634AE8; 1 drivers
v00621EC8_0 .net *"_s7", 0 0, L_006324A0; 1 drivers
v00621F20_0 .net *"_s8", 0 0, L_00633D78; 1 drivers
L_006323F0 .part/pv L_00633D40, 0, 1, 4;
L_00632448 .part L_00634B40, 3, 1;
L_006324A0 .part L_00634B40, 2, 1;
L_006324F8 .part L_00634B40, 1, 1;
L_00632550 .part L_00634B40, 0, 1;
L_006325A8 .part/pv L_00634390, 1, 1, 4;
L_00634880 .part L_00634B40, 3, 1;
L_006348D8 .part L_00634B40, 2, 1;
L_00634930 .part L_00634B40, 1, 1;
L_00634988 .part/pv L_00634470, 2, 1, 4;
L_006349E0 .part L_00634B40, 3, 1;
L_00634A38 .part L_00634B40, 2, 1;
L_00634A90 .part/pv L_00634AE8, 3, 1, 4;
L_00634AE8 .part L_00634B40, 3, 1;
S_005EC970 .scope module, "u8" "PE4" 3 33, 4 1, S_005EC640;
 .timescale 0 0;
L_006347F0 .functor NOT 1, L_00634D50, C4<0>, C4<0>, C4<0>;
L_00637D60 .functor NOT 1, L_00634DA8, C4<0>, C4<0>, C4<0>;
L_00637DD0 .functor AND 1, L_006347F0, L_00637D60, C4<1>, C4<1>;
L_00637E78 .functor NOT 1, L_00634E00, C4<0>, C4<0>, C4<0>;
L_00637EE8 .functor AND 1, L_00637DD0, L_00637E78, C4<1>, C4<1>;
L_00637D28 .functor AND 1, L_00637EE8, L_00634E58, C4<1>, C4<1>;
L_00638070 .functor NOT 1, L_00634F08, C4<0>, C4<0>, C4<0>;
L_006380E0 .functor NOT 1, L_00634F60, C4<0>, C4<0>, C4<0>;
L_00638150 .functor AND 1, L_00638070, L_006380E0, C4<1>, C4<1>;
L_006381F8 .functor AND 1, L_00638150, L_00634FB8, C4<1>, C4<1>;
L_00638310 .functor NOT 1, L_00635068, C4<0>, C4<0>, C4<0>;
L_006382D8 .functor AND 1, L_00638310, L_006350C0, C4<1>, C4<1>;
v00620EC8_0 .net "A", 3 0, L_006351C8; 1 drivers
v00620F20_0 .net8 "Y", 3 0, RS_005F05A4; 4 drivers
v00620F78_0 .net *"_s10", 0 0, L_00637DD0; 1 drivers
v00621000_0 .net *"_s13", 0 0, L_00634E00; 1 drivers
v00621058_0 .net *"_s14", 0 0, L_00637E78; 1 drivers
v006210B0_0 .net *"_s16", 0 0, L_00637EE8; 1 drivers
v00621108_0 .net *"_s19", 0 0, L_00634E58; 1 drivers
v00621160_0 .net *"_s20", 0 0, L_00637D28; 1 drivers
v006211B8_0 .net *"_s25", 0 0, L_00634F08; 1 drivers
v00621210_0 .net *"_s26", 0 0, L_00638070; 1 drivers
v00621268_0 .net *"_s29", 0 0, L_00634F60; 1 drivers
v006212C0_0 .net *"_s3", 0 0, L_00634D50; 1 drivers
v00621318_0 .net *"_s30", 0 0, L_006380E0; 1 drivers
v00621370_0 .net *"_s32", 0 0, L_00638150; 1 drivers
v006213C8_0 .net *"_s35", 0 0, L_00634FB8; 1 drivers
v00621420_0 .net *"_s36", 0 0, L_006381F8; 1 drivers
v00621478_0 .net *"_s4", 0 0, L_006347F0; 1 drivers
v006214D0_0 .net *"_s41", 0 0, L_00635068; 1 drivers
v00621528_0 .net *"_s42", 0 0, L_00638310; 1 drivers
v00621580_0 .net *"_s45", 0 0, L_006350C0; 1 drivers
v006215D8_0 .net *"_s46", 0 0, L_006382D8; 1 drivers
v00621630_0 .net *"_s51", 0 0, L_00635170; 1 drivers
v00621688_0 .net *"_s7", 0 0, L_00634DA8; 1 drivers
v006216E0_0 .net *"_s8", 0 0, L_00637D60; 1 drivers
L_00634CF8 .part/pv L_00637D28, 0, 1, 4;
L_00634D50 .part L_006351C8, 3, 1;
L_00634DA8 .part L_006351C8, 2, 1;
L_00634E00 .part L_006351C8, 1, 1;
L_00634E58 .part L_006351C8, 0, 1;
L_00634EB0 .part/pv L_006381F8, 1, 1, 4;
L_00634F08 .part L_006351C8, 3, 1;
L_00634F60 .part L_006351C8, 2, 1;
L_00634FB8 .part L_006351C8, 1, 1;
L_00635010 .part/pv L_006382D8, 2, 1, 4;
L_00635068 .part L_006351C8, 3, 1;
L_006350C0 .part L_006351C8, 2, 1;
L_00635118 .part/pv L_00635170, 3, 1, 4;
L_00635170 .part L_006351C8, 3, 1;
S_005EBDC0 .scope module, "u9" "PE4" 3 35, 4 1, S_005EC640;
 .timescale 0 0;
L_00638678 .functor NOT 1, L_00635430, C4<0>, C4<0>, C4<0>;
L_00638720 .functor NOT 1, L_00635488, C4<0>, C4<0>, C4<0>;
L_00638790 .functor AND 1, L_00638678, L_00638720, C4<1>, C4<1>;
L_00638838 .functor NOT 1, L_006354E0, C4<0>, C4<0>, C4<0>;
L_006388A8 .functor AND 1, L_00638790, L_00638838, C4<1>, C4<1>;
L_006386E8 .functor AND 1, L_006388A8, L_00635538, C4<1>, C4<1>;
L_00638A30 .functor NOT 1, L_006355E8, C4<0>, C4<0>, C4<0>;
L_00638AA0 .functor NOT 1, L_00635640, C4<0>, C4<0>, C4<0>;
L_00638B10 .functor AND 1, L_00638A30, L_00638AA0, C4<1>, C4<1>;
L_00638BB8 .functor AND 1, L_00638B10, L_00635698, C4<1>, C4<1>;
L_00638CD0 .functor NOT 1, L_00635748, C4<0>, C4<0>, C4<0>;
L_00638C98 .functor AND 1, L_00638CD0, L_006357A0, C4<1>, C4<1>;
v00620688_0 .net "A", 3 0, L_006358A8; 1 drivers
v006206E0_0 .net8 "Y", 3 0, RS_005F0364; 4 drivers
v00620738_0 .net *"_s10", 0 0, L_00638790; 1 drivers
v00620790_0 .net *"_s13", 0 0, L_006354E0; 1 drivers
v006207E8_0 .net *"_s14", 0 0, L_00638838; 1 drivers
v00620840_0 .net *"_s16", 0 0, L_006388A8; 1 drivers
v00620898_0 .net *"_s19", 0 0, L_00635538; 1 drivers
v006208F0_0 .net *"_s20", 0 0, L_006386E8; 1 drivers
v00620948_0 .net *"_s25", 0 0, L_006355E8; 1 drivers
v006209A0_0 .net *"_s26", 0 0, L_00638A30; 1 drivers
v006209F8_0 .net *"_s29", 0 0, L_00635640; 1 drivers
v00620A50_0 .net *"_s3", 0 0, L_00635430; 1 drivers
v00620AA8_0 .net *"_s30", 0 0, L_00638AA0; 1 drivers
v00620B00_0 .net *"_s32", 0 0, L_00638B10; 1 drivers
v00620B58_0 .net *"_s35", 0 0, L_00635698; 1 drivers
v00620BB0_0 .net *"_s36", 0 0, L_00638BB8; 1 drivers
v00620C08_0 .net *"_s4", 0 0, L_00638678; 1 drivers
v00620C60_0 .net *"_s41", 0 0, L_00635748; 1 drivers
v00620CB8_0 .net *"_s42", 0 0, L_00638CD0; 1 drivers
v00620D10_0 .net *"_s45", 0 0, L_006357A0; 1 drivers
v00620D68_0 .net *"_s46", 0 0, L_00638C98; 1 drivers
v00620DC0_0 .net *"_s51", 0 0, L_00635850; 1 drivers
v00620E18_0 .net *"_s7", 0 0, L_00635488; 1 drivers
v00620E70_0 .net *"_s8", 0 0, L_00638720; 1 drivers
L_006353D8 .part/pv L_006386E8, 0, 1, 4;
L_00635430 .part L_006358A8, 3, 1;
L_00635488 .part L_006358A8, 2, 1;
L_006354E0 .part L_006358A8, 1, 1;
L_00635538 .part L_006358A8, 0, 1;
L_00635590 .part/pv L_00638BB8, 1, 1, 4;
L_006355E8 .part L_006358A8, 3, 1;
L_00635640 .part L_006358A8, 2, 1;
L_00635698 .part L_006358A8, 1, 1;
L_006356F0 .part/pv L_00638C98, 2, 1, 4;
L_00635748 .part L_006358A8, 3, 1;
L_006357A0 .part L_006358A8, 2, 1;
L_006357F8 .part/pv L_00635850, 3, 1, 4;
L_00635850 .part L_006358A8, 3, 1;
S_005EBE48 .scope module, "u10" "PE4" 3 38, 4 1, S_005EC640;
 .timescale 0 0;
L_006390A8 .functor NOT 1, L_00635B10, C4<0>, C4<0>, C4<0>;
L_00639150 .functor NOT 1, L_00635B68, C4<0>, C4<0>, C4<0>;
L_006391C0 .functor AND 1, L_006390A8, L_00639150, C4<1>, C4<1>;
L_00639268 .functor NOT 1, L_00635BC0, C4<0>, C4<0>, C4<0>;
L_006392D8 .functor AND 1, L_006391C0, L_00639268, C4<1>, C4<1>;
L_00639118 .functor AND 1, L_006392D8, L_00635C18, C4<1>, C4<1>;
L_00639428 .functor NOT 1, L_00635CC8, C4<0>, C4<0>, C4<0>;
L_00639498 .functor NOT 1, L_00635D20, C4<0>, C4<0>, C4<0>;
L_006389F8 .functor AND 1, L_00639428, L_00639498, C4<1>, C4<1>;
L_006396B0 .functor AND 1, L_006389F8, L_00635D78, C4<1>, C4<1>;
L_00639790 .functor NOT 1, L_00635E28, C4<0>, C4<0>, C4<0>;
L_00639070 .functor AND 1, L_00639790, L_00635E80, C4<1>, C4<1>;
v005E9E00_0 .net "A", 3 0, L_00635F88; 1 drivers
v005E9E58_0 .alias "Y", 3 0, v0062C6C0_0;
v005E9EB0_0 .net *"_s10", 0 0, L_006391C0; 1 drivers
v005E9F08_0 .net *"_s13", 0 0, L_00635BC0; 1 drivers
v005E9F60_0 .net *"_s14", 0 0, L_00639268; 1 drivers
v00620000_0 .net *"_s16", 0 0, L_006392D8; 1 drivers
v00620058_0 .net *"_s19", 0 0, L_00635C18; 1 drivers
v006200B0_0 .net *"_s20", 0 0, L_00639118; 1 drivers
v00620108_0 .net *"_s25", 0 0, L_00635CC8; 1 drivers
v00620160_0 .net *"_s26", 0 0, L_00639428; 1 drivers
v006201B8_0 .net *"_s29", 0 0, L_00635D20; 1 drivers
v00620210_0 .net *"_s3", 0 0, L_00635B10; 1 drivers
v00620268_0 .net *"_s30", 0 0, L_00639498; 1 drivers
v006202C0_0 .net *"_s32", 0 0, L_006389F8; 1 drivers
v00620318_0 .net *"_s35", 0 0, L_00635D78; 1 drivers
v00620370_0 .net *"_s36", 0 0, L_006396B0; 1 drivers
v006203C8_0 .net *"_s4", 0 0, L_006390A8; 1 drivers
v00620420_0 .net *"_s41", 0 0, L_00635E28; 1 drivers
v00620478_0 .net *"_s42", 0 0, L_00639790; 1 drivers
v006204D0_0 .net *"_s45", 0 0, L_00635E80; 1 drivers
v00620528_0 .net *"_s46", 0 0, L_00639070; 1 drivers
v00620580_0 .net *"_s51", 0 0, L_00635F30; 1 drivers
v006205D8_0 .net *"_s7", 0 0, L_00635B68; 1 drivers
v00620630_0 .net *"_s8", 0 0, L_00639150; 1 drivers
L_00635AB8 .part/pv L_00639118, 0, 1, 4;
L_00635B10 .part L_00635F88, 3, 1;
L_00635B68 .part L_00635F88, 2, 1;
L_00635BC0 .part L_00635F88, 1, 1;
L_00635C18 .part L_00635F88, 0, 1;
L_00635C70 .part/pv L_006396B0, 1, 1, 4;
L_00635CC8 .part L_00635F88, 3, 1;
L_00635D20 .part L_00635F88, 2, 1;
L_00635D78 .part L_00635F88, 1, 1;
L_00635DD0 .part/pv L_00639070, 2, 1, 4;
L_00635E28 .part L_00635F88, 3, 1;
L_00635E80 .part L_00635F88, 2, 1;
L_00635ED8 .part/pv L_00635F30, 3, 1, 4;
L_00635F30 .part L_00635F88, 3, 1;
S_005EC178 .scope module, "u11" "PE2" 3 47, 5 1, S_005EC640;
 .timescale 0 0;
L_0063BCD8 .functor NOT 1, L_006375C0, C4<0>, C4<0>, C4<0>;
L_0063BD80 .functor AND 1, L_0063BCD8, L_00637618, C4<1>, C4<1>;
v005E9B98_0 .net "A", 1 0, L_00637720; 1 drivers
v005E9BF0_0 .alias "Y", 1 0, v0062C718_0;
v005E9C48_0 .net *"_s13", 0 0, L_006376C8; 1 drivers
v005E9CA0_0 .net *"_s3", 0 0, L_006375C0; 1 drivers
v005E9CF8_0 .net *"_s4", 0 0, L_0063BCD8; 1 drivers
v005E9D50_0 .net *"_s7", 0 0, L_00637618; 1 drivers
v005E9DA8_0 .net *"_s8", 0 0, L_0063BD80; 1 drivers
L_00637568 .part/pv L_0063BD80, 0, 1, 2;
L_006375C0 .part L_00637720, 1, 1;
L_00637618 .part L_00637720, 0, 1;
L_00637670 .part/pv L_006376C8, 1, 1, 2;
L_006376C8 .part L_00637720, 1, 1;
S_005EC6C8 .scope module, "u2" "mux" 2 16, 6 1, S_005EC750;
 .timescale 0 0;
v005E9988_0 .alias "A", 31 0, v0062CB90_0;
v005E99E0_0 .alias "B", 31 0, v0062CBE8_0;
v005E9A38_0 .alias "Max", 31 0, v0062CC40_0;
v005E9A90_0 .alias "Min", 31 0, v0062CC98_0;
v005E9AE8_0 .net "S", 0 0, C4<z>; 0 drivers
v005E9B40_0 .alias "s", 0 0, v0062CDF8_0;
L_00637AE8 .functor MUXZ 32, C4<zzzzzzzzzzzzzzzzzzzzzzzzzzzzzzzz>, C4<zzzzzzzzzzzzzzzzzzzzzzzzzzzzzzzz>, L_00637A38, C4<>;
L_00637B40 .functor MUXZ 32, C4<zzzzzzzzzzzzzzzzzzzzzzzzzzzzzzzz>, C4<zzzzzzzzzzzzzzzzzzzzzzzzzzzzzzzz>, C4<z>, C4<>;
# The file index is used to find the file name in the following table.
:file_names 7;
    "N/A";
    "<interactive>";
    "comparator.v";
    "./PE32.v";
    "./PE4.v";
    "./PE2.v";
    "./mux.v";
